2016-02-29 10:26:36,456 [main] (org.apache.zookeeper.server.quorum.QuorumPeerConfig:103) INFO  Reading configuration from: zookeeper.test.properties
2016-02-29 10:26:36,502 [main] (org.apache.zookeeper.server.DatadirCleanupManager:78) INFO  autopurge.snapRetainCount set to 3
2016-02-29 10:26:36,502 [main] (org.apache.zookeeper.server.DatadirCleanupManager:79) INFO  autopurge.purgeInterval set to 0
2016-02-29 10:26:36,503 [main] (org.apache.zookeeper.server.DatadirCleanupManager:101) INFO  Purge task is not scheduled.
2016-02-29 10:26:36,504 [main] (org.apache.zookeeper.server.quorum.QuorumPeerMain:113) WARN  Either no config or no quorum defined in config, running  in standalone mode
2016-02-29 10:26:36,682 [main] (org.apache.zookeeper.server.quorum.QuorumPeerConfig:103) INFO  Reading configuration from: zookeeper.test.properties
2016-02-29 10:26:36,682 [main] (org.apache.zookeeper.server.ZooKeeperServerMain:95) INFO  Starting server
2016-02-29 10:26:36,699 [main] (org.apache.zookeeper.Environment:100) INFO  Server environment:zookeeper.version=3.4.6-1569965, built on 02/20/2014 09:09 GMT
2016-02-29 10:26:36,700 [main] (org.apache.zookeeper.Environment:100) INFO  Server environment:host.name=wchen
2016-02-29 10:26:36,700 [main] (org.apache.zookeeper.Environment:100) INFO  Server environment:java.version=1.8.0_72
2016-02-29 10:26:36,700 [main] (org.apache.zookeeper.Environment:100) INFO  Server environment:java.vendor=Oracle Corporation
2016-02-29 10:26:36,701 [main] (org.apache.zookeeper.Environment:100) INFO  Server environment:java.home=/usr/lib/jvm/java-8-oracle/jre
2016-02-29 10:26:36,701 [main] (org.apache.zookeeper.Environment:100) INFO  Server environment:java.class.path=secor-0.1-SNAPSHOT.jar:secor-0.1-SNAPSHOT-tests.jar:lib/apacheds-i18n-2.0.0-M15.jar:lib/jackson-annotations-2.4.0.jar:lib/jcl-over-slf4j-1.7.2.jar:lib/xz-1.0.jar:lib/msgpack-core-0.7.0-p2.jar:lib/collections-0.0.34.jar:lib/jersey-client-1.9.jar:lib/commons-cli-1.2.jar:lib/jersey-json-1.9.jar:lib/protobuf-java-2.5.0.jar:lib/kafka_2.10-0.9.0.0.jar:lib/htrace-core-3.0.4.jar:lib/lock-0.0.7.jar:lib/joss-0.9.8.jar:lib/asm-3.3.1.jar:lib/servlet-api-2.5.jar:lib/util-system-mocks-0.0.26.jar:lib/curator-recipes-2.6.0.jar:lib/jersey-server-1.9.jar:lib/avro-1.7.6.jar:lib/jsp-api-2.1.jar:lib/metrics-core-2.2.0.jar:lib/hadoop-client-2.6.0.jar:lib/hadoop-yarn-client-2.6.0.jar:lib/jaxb-impl-2.2.3-1.jar:lib/parquet-generator-1.5.0.jar:lib/hadoop-mapreduce-client-shuffle-2.6.0.jar:lib/slf4j-log4j12-1.7.2.jar:lib/libthrift-0.5.0.jar:lib/parquet-hadoop-1.5.0.jar:lib/jopt-simple-3.2.jar:lib/net-util-0.0.29.jar:lib/jackson-xc-1.9.13.jar:lib/messagehub.login-1.0.0.jar:lib/snappy-java-1.1.1.7.jar:lib/jetty-util-6.1.26.jar:lib/mail-1.4.jar:lib/json-smart-2.0-RC3.jar:lib/hadoop-hdfs-2.6.0.jar:lib/scala-library-2.10.5.jar:lib/commons-collections-3.2.1.jar:lib/jasper-compiler-5.5.23.jar:lib/hadoop-annotations-2.6.0.jar:lib/netty-3.7.0.Final.jar:lib/base-0.0.38.jar:lib/parquet-jackson-1.5.0.jar:lib/hadoop-mapreduce-client-core-2.6.0.jar:lib/util-core_2.10-6.8.1.jar:lib/java-statsd-client-3.0.2.jar:lib/jackson-core-asl-1.9.13.jar:lib/parquet-format-2.1.0.jar:lib/log4j-1.2.15.jar:lib/ostrich_2.10-9.2.1.jar:lib/curator-framework-2.6.0.jar:lib/util-app_2.10-6.8.1.jar:lib/commons-compress-1.4.1.jar:lib/commons-net-3.1.jar:lib/xmlenc-0.52.jar:lib/hadoop-auth-2.6.0.jar:lib/jasper-runtime-5.5.23.jar:lib/hadoop-mapreduce-client-jobclient-2.6.0.jar:lib/jets3t-0.7.1.jar:lib/scala-compiler-2.10.0.jar:lib/json-20140107.jar:lib/hamcrest-core-1.3.jar:lib/jackson-core-2.4.3.jar:lib/zkclient-0.7.jar:lib/commons-el-1.0.jar:lib/commons-io-2.4.jar:lib/hadoop-yarn-api-2.6.0.jar:lib/commons-lang-2.6.jar:lib/httpclient-4.2.5.jar:lib/util-logging_2.10-6.8.1.jar:lib/junit-4.11.jar:lib/kafka-clients-0.9.0.0.jar:lib/parquet-encoding-1.5.0.jar:lib/mockito-all-1.9.5.jar:lib/xml-apis-1.3.04.jar:lib/stax-api-1.0-2.jar:lib/jsch-0.1.42.jar:lib/scala-reflect-2.10.0.jar:lib/jackson-dataformat-msgpack-0.7.0-p2.jar:lib/gson-2.2.4.jar:lib/client-0.0.7.jar:lib/hadoop-yarn-server-common-2.6.0.jar:lib/jackson-jaxrs-1.9.13.jar:lib/httpcore-4.2.4.jar:lib/jackson-databind-2.4.3.jar:lib/commons-httpclient-3.1.jar:lib/jsr305-1.3.9.jar:lib/jetty-6.1.26.jar:lib/asm-1.0-RC3.jar:lib/hadoop-common-2.6.0-tests.jar:lib/util-jvm_2.10-6.8.1.jar:lib/jline-0.9.94.jar:lib/slf4j-api-1.7.2.jar:lib/guava-18.0.jar:lib/scala-json_2.10-3.0.1.jar:lib/jaxb-api-2.2.2.jar:lib/parquet-avro-1.5.0.jar:lib/commons-configuration-1.9.jar:lib/api-asn1-api-1.0.0-M20.jar:lib/util-eval_2.10-6.8.1.jar:lib/parquet-column-1.5.0.jar:lib/apacheds-kerberos-codec-2.0.0-M15.jar:lib/hadoop-openstack-2.6.0.jar:lib/hadoop-mapreduce-client-app-2.6.0.jar:lib/commons-logging-1.1.1.jar:lib/zookeeper-3.4.6.jar:lib/hadoop-common-2.6.0.jar:lib/parquet-common-1.5.0.jar:lib/curator-client-2.6.0.jar:lib/hadoop-yarn-common-2.6.0.jar:lib/jackson-mapper-asl-1.9.13.jar:lib/leveldbjni-all-1.8.jar:lib/jettison-1.1.jar:lib/hadoop-mapreduce-client-common-2.6.0.jar:lib/jersey-core-1.9.jar:lib/javax.inject-1.jar:lib/paranamer-2.3.jar:lib/activation-1.1.jar:lib/commons-math3-3.1.1.jar:lib/quantity-0.0.30.jar:lib/api-util-1.0.0-M20.jar:lib/xercesImpl-2.9.1.jar:lib/lz4-1.2.0.jar:lib/commons-codec-1.10.jar
2016-02-29 10:26:36,701 [main] (org.apache.zookeeper.Environment:100) INFO  Server environment:java.library.path=/usr/java/packages/lib/amd64:/usr/lib64:/lib64:/lib:/usr/lib
2016-02-29 10:26:36,702 [main] (org.apache.zookeeper.Environment:100) INFO  Server environment:java.io.tmpdir=/tmp
2016-02-29 10:26:36,702 [main] (org.apache.zookeeper.Environment:100) INFO  Server environment:java.compiler=<NA>
2016-02-29 10:26:36,702 [main] (org.apache.zookeeper.Environment:100) INFO  Server environment:os.name=Linux
2016-02-29 10:26:36,702 [main] (org.apache.zookeeper.Environment:100) INFO  Server environment:os.arch=amd64
2016-02-29 10:26:36,702 [main] (org.apache.zookeeper.Environment:100) INFO  Server environment:os.version=3.19.0-25-generic
2016-02-29 10:26:36,703 [main] (org.apache.zookeeper.Environment:100) INFO  Server environment:user.name=root
2016-02-29 10:26:36,703 [main] (org.apache.zookeeper.Environment:100) INFO  Server environment:user.home=/root
2016-02-29 10:26:36,703 [main] (org.apache.zookeeper.Environment:100) INFO  Server environment:user.dir=/root/secor_v3_keystonev3/DataServices/SECOR_INSTALL_DIR
2016-02-29 10:26:36,729 [main] (org.apache.zookeeper.server.ZooKeeperServer:755) INFO  tickTime set to 3000
2016-02-29 10:26:36,729 [main] (org.apache.zookeeper.server.ZooKeeperServer:764) INFO  minSessionTimeout set to -1
2016-02-29 10:26:36,729 [main] (org.apache.zookeeper.server.ZooKeeperServer:773) INFO  maxSessionTimeout set to -1
2016-02-29 10:26:36,767 [main] (org.apache.zookeeper.server.NIOServerCnxnFactory:94) INFO  binding to port 0.0.0.0/0.0.0.0:2181
